<?xml version="1.0" encoding="UTF-8"?>
<coverage generated="1739907639683" clover="3.2.0">
  <project timestamp="1739907639683" name="All files">
    <metrics statements="32" coveredstatements="25" conditionals="18" coveredconditionals="9" methods="13" coveredmethods="8" elements="63" coveredelements="42" complexity="0" loc="32" ncloc="32" packages="2" files="5" classes="5"/>
    <package name="components">
      <metrics statements="31" coveredstatements="24" conditionals="18" coveredconditionals="9" methods="13" coveredmethods="8"/>
      <file name="CategoryItemCard.jsx" path="C:\Users\akash\Desktop\React\NamasteReact\LearningReact\src\components\CategoryItemCard.jsx">
        <metrics statements="7" coveredstatements="7" conditionals="4" coveredconditionals="3" methods="3" coveredmethods="3"/>
        <line num="6" count="1" type="stmt"/>
        <line num="8" count="19" type="stmt"/>
        <line num="10" count="19" type="stmt"/>
        <line num="12" count="19" type="stmt"/>
        <line num="14" count="2" type="stmt"/>
        <line num="17" count="19" type="stmt"/>
        <line num="27" count="2" type="stmt"/>
      </file>
      <file name="Contact.jsx" path="C:\Users\akash\Desktop\React\NamasteReact\LearningReact\src\components\Contact.jsx">
        <metrics statements="2" coveredstatements="2" conditionals="0" coveredconditionals="0" methods="1" coveredmethods="1"/>
        <line num="1" count="1" type="stmt"/>
        <line num="2" count="4" type="stmt"/>
      </file>
      <file name="Header.jsx" path="C:\Users\akash\Desktop\React\NamasteReact\LearningReact\src\components\Header.jsx">
        <metrics statements="7" coveredstatements="6" conditionals="6" coveredconditionals="2" methods="3" coveredmethods="2"/>
        <line num="8" count="1" type="stmt"/>
        <line num="10" count="3" type="stmt"/>
        <line num="11" count="3" type="stmt"/>
        <line num="12" count="3" type="stmt"/>
        <line num="15" count="6" type="stmt"/>
        <line num="16" count="3" type="stmt"/>
        <line num="32" count="0" type="cond" truecount="0" falsecount="2"/>
      </file>
      <file name="RestaurantMenu.jsx" path="C:\Users\akash\Desktop\React\NamasteReact\LearningReact\src\components\RestaurantMenu.jsx">
        <metrics statements="15" coveredstatements="9" conditionals="8" coveredconditionals="4" methods="6" coveredmethods="2"/>
        <line num="7" count="1" type="stmt"/>
        <line num="9" count="2" type="stmt"/>
        <line num="11" count="2" type="stmt"/>
        <line num="13" count="2" type="stmt"/>
        <line num="15" count="2" type="cond" truecount="2" falsecount="0"/>
        <line num="17" count="1" type="stmt"/>
        <line num="19" count="1" type="stmt"/>
        <line num="20" count="0" type="cond" truecount="0" falsecount="2"/>
        <line num="21" count="0" type="stmt"/>
        <line num="22" count="0" type="cond" truecount="0" falsecount="2"/>
        <line num="23" count="0" type="stmt"/>
        <line num="24" count="0" type="stmt"/>
        <line num="33" count="1" type="stmt"/>
        <line num="48" count="11" type="stmt"/>
        <line num="52" count="0" type="stmt"/>
      </file>
    </package>
    <package name="utils">
      <metrics statements="1" coveredstatements="1" conditionals="0" coveredconditionals="0" methods="0" coveredmethods="0"/>
      <file name="appStore.js" path="C:\Users\akash\Desktop\React\NamasteReact\LearningReact\src\utils\appStore.js">
        <metrics statements="1" coveredstatements="1" conditionals="0" coveredconditionals="0" methods="0" coveredmethods="0"/>
        <line num="4" count="1" type="stmt"/>
      </file>
    </package>
  </project>
</coverage>
