<?xml version="1.0" encoding="UTF-8"?>
<coverage generated="1739478343739" clover="3.2.0">
  <project timestamp="1739478343739" name="All files">
    <metrics statements="34" coveredstatements="29" conditionals="6" coveredconditionals="4" methods="15" coveredmethods="10" elements="55" coveredelements="43" complexity="0" loc="34" ncloc="34" packages="2" files="9" classes="9"/>
    <package name="components">
      <metrics statements="16" coveredstatements="16" conditionals="6" coveredconditionals="4" methods="8" coveredmethods="8"/>
      <file name="Contact.jsx" path="C:\Users\akash\Desktop\React\NamasteReact\LearningReact\src\components\Contact.jsx">
        <metrics statements="2" coveredstatements="2" conditionals="0" coveredconditionals="0" methods="1" coveredmethods="1"/>
        <line num="1" count="1" type="stmt"/>
        <line num="2" count="4" type="stmt"/>
      </file>
      <file name="Header.jsx" path="C:\Users\akash\Desktop\React\NamasteReact\LearningReact\src\components\Header.jsx">
        <metrics statements="7" coveredstatements="7" conditionals="6" coveredconditionals="4" methods="3" coveredmethods="3"/>
        <line num="8" count="1" type="stmt"/>
        <line num="10" count="5" type="stmt"/>
        <line num="11" count="5" type="stmt"/>
        <line num="12" count="5" type="stmt"/>
        <line num="15" count="9" type="stmt"/>
        <line num="16" count="5" type="stmt"/>
        <line num="32" count="1" type="cond" truecount="1" falsecount="1"/>
      </file>
      <file name="RestaurantCard.jsx" path="C:\Users\akash\Desktop\React\NamasteReact\LearningReact\src\components\RestaurantCard.jsx">
        <metrics statements="6" coveredstatements="6" conditionals="0" coveredconditionals="0" methods="3" coveredmethods="3"/>
        <line num="3" count="1" type="stmt"/>
        <line num="12" count="2" type="stmt"/>
        <line num="14" count="2" type="stmt"/>
        <line num="29" count="1" type="stmt"/>
        <line num="30" count="1" type="stmt"/>
        <line num="31" count="1" type="stmt"/>
      </file>
      <file name="sum.js" path="C:\Users\akash\Desktop\React\NamasteReact\LearningReact\src\components\sum.js">
        <metrics statements="1" coveredstatements="1" conditionals="0" coveredconditionals="0" methods="1" coveredmethods="1"/>
        <line num="1" count="1" type="stmt"/>
      </file>
    </package>
    <package name="utils">
      <metrics statements="18" coveredstatements="13" conditionals="0" coveredconditionals="0" methods="7" coveredmethods="2"/>
      <file name="UserContext.js" path="C:\Users\akash\Desktop\React\NamasteReact\LearningReact\src\utils\UserContext.js">
        <metrics statements="1" coveredstatements="1" conditionals="0" coveredconditionals="0" methods="0" coveredmethods="0"/>
        <line num="3" count="1" type="stmt"/>
      </file>
      <file name="appStore.js" path="C:\Users\akash\Desktop\React\NamasteReact\LearningReact\src\utils\appStore.js">
        <metrics statements="1" coveredstatements="1" conditionals="0" coveredconditionals="0" methods="0" coveredmethods="0"/>
        <line num="4" count="1" type="stmt"/>
      </file>
      <file name="cartSlice.js" path="C:\Users\akash\Desktop\React\NamasteReact\LearningReact\src\utils\cartSlice.js">
        <metrics statements="5" coveredstatements="2" conditionals="0" coveredconditionals="0" methods="3" coveredmethods="0"/>
        <line num="3" count="1" type="stmt"/>
        <line num="15" count="0" type="stmt"/>
        <line num="18" count="0" type="stmt"/>
        <line num="21" count="0" type="stmt"/>
        <line num="28" count="1" type="stmt"/>
      </file>
      <file name="constants.js" path="C:\Users\akash\Desktop\React\NamasteReact\LearningReact\src\utils\constants.js">
        <metrics statements="3" coveredstatements="3" conditionals="0" coveredconditionals="0" methods="0" coveredmethods="0"/>
        <line num="1" count="2" type="stmt"/>
        <line num="3" count="2" type="stmt"/>
        <line num="5" count="2" type="stmt"/>
      </file>
      <file name="useOnlineStatus.js" path="C:\Users\akash\Desktop\React\NamasteReact\LearningReact\src\utils\useOnlineStatus.js">
        <metrics statements="8" coveredstatements="6" conditionals="0" coveredconditionals="0" methods="4" coveredmethods="2"/>
        <line num="3" count="1" type="stmt"/>
        <line num="5" count="5" type="stmt"/>
        <line num="7" count="5" type="stmt"/>
        <line num="8" count="4" type="stmt"/>
        <line num="9" count="0" type="stmt"/>
        <line num="11" count="4" type="stmt"/>
        <line num="12" count="0" type="stmt"/>
        <line num="16" count="5" type="stmt"/>
      </file>
    </package>
  </project>
</coverage>
