{"C:\\Users\\akash\\Desktop\\React\\NamasteReact\\LearningReact\\src\\components\\Body.jsx": {"path":"C:\\Users\\akash\\Desktop\\React\\NamasteReact\\LearningReact\\src\\components\\Body.jsx","statementMap":{"0":{"start":{"line":8,"column":13},"end":{"line":96,"column":1}},"1":{"start":{"line":10,"column":31},"end":{"line":10,"column":43}},"2":{"start":{"line":11,"column":37},"end":{"line":11,"column":49}},"3":{"start":{"line":12,"column":39},"end":{"line":12,"column":51}},"4":{"start":{"line":13,"column":41},"end":{"line":13,"column":56}},"5":{"start":{"line":15,"column":29},"end":{"line":15,"column":66}},"6":{"start":{"line":17,"column":1},"end":{"line":17,"column":39}},"7":{"start":{"line":17,"column":17},"end":{"line":17,"column":32}},"8":{"start":{"line":19,"column":22},"end":{"line":25,"column":2}},"9":{"start":{"line":20,"column":15},"end":{"line":20,"column":166}},"10":{"start":{"line":21,"column":19},"end":{"line":21,"column":36}},"11":{"start":{"line":22,"column":2},"end":{"line":22,"column":93}},"12":{"start":{"line":23,"column":2},"end":{"line":23,"column":97}},"13":{"start":{"line":24,"column":2},"end":{"line":24,"column":158}},"14":{"start":{"line":32,"column":22},"end":{"line":32,"column":39}},"15":{"start":{"line":34,"column":1},"end":{"line":36,"column":2}},"16":{"start":{"line":35,"column":2},"end":{"line":35,"column":86}},"17":{"start":{"line":39,"column":4},"end":{"line":95,"column":4}},"18":{"start":{"line":44,"column":5},"end":{"line":44,"column":34}},"19":{"start":{"line":47,"column":5},"end":{"line":52,"column":6}},"20":{"start":{"line":48,"column":26},"end":{"line":50,"column":8}},"21":{"start":{"line":49,"column":7},"end":{"line":49,"column":77}},"22":{"start":{"line":51,"column":6},"end":{"line":51,"column":34}},"23":{"start":{"line":55,"column":24},"end":{"line":57,"column":6}},"24":{"start":{"line":56,"column":5},"end":{"line":56,"column":75}},"25":{"start":{"line":58,"column":4},"end":{"line":58,"column":32}},"26":{"start":{"line":67,"column":4},"end":{"line":74,"column":5}},"27":{"start":{"line":68,"column":5},"end":{"line":68,"column":29}},"28":{"start":{"line":69,"column":5},"end":{"line":69,"column":28}},"29":{"start":{"line":72,"column":5},"end":{"line":72,"column":73}},"30":{"start":{"line":72,"column":44},"end":{"line":72,"column":69}},"31":{"start":{"line":73,"column":5},"end":{"line":73,"column":27}},"32":{"start":{"line":89,"column":3},"end":{"line":91,"column":10}}},"fnMap":{"0":{"name":"(anonymous_0)","decl":{"start":{"line":8,"column":13},"end":{"line":8,"column":14}},"loc":{"start":{"line":8,"column":19},"end":{"line":96,"column":1}},"line":8},"1":{"name":"(anonymous_1)","decl":{"start":{"line":17,"column":11},"end":{"line":17,"column":12}},"loc":{"start":{"line":17,"column":15},"end":{"line":17,"column":33}},"line":17},"2":{"name":"(anonymous_2)","decl":{"start":{"line":19,"column":22},"end":{"line":19,"column":23}},"loc":{"start":{"line":19,"column":34},"end":{"line":25,"column":2}},"line":19},"3":{"name":"(anonymous_3)","decl":{"start":{"line":43,"column":144},"end":{"line":43,"column":145}},"loc":{"start":{"line":43,"column":150},"end":{"line":44,"column":35}},"line":43},"4":{"name":"(anonymous_4)","decl":{"start":{"line":46,"column":17},"end":{"line":46,"column":18}},"loc":{"start":{"line":46,"column":22},"end":{"line":53,"column":6}},"line":46},"5":{"name":"(anonymous_5)","decl":{"start":{"line":48,"column":42},"end":{"line":48,"column":43}},"loc":{"start":{"line":48,"column":50},"end":{"line":50,"column":7}},"line":48},"6":{"name":"(anonymous_6)","decl":{"start":{"line":54,"column":89},"end":{"line":54,"column":90}},"loc":{"start":{"line":54,"column":93},"end":{"line":59,"column":4}},"line":54},"7":{"name":"(anonymous_7)","decl":{"start":{"line":55,"column":40},"end":{"line":55,"column":41}},"loc":{"start":{"line":55,"column":48},"end":{"line":57,"column":5}},"line":55},"8":{"name":"(anonymous_8)","decl":{"start":{"line":66,"column":12},"end":{"line":66,"column":13}},"loc":{"start":{"line":66,"column":18},"end":{"line":75,"column":4}},"line":66},"9":{"name":"(anonymous_9)","decl":{"start":{"line":72,"column":36},"end":{"line":72,"column":37}},"loc":{"start":{"line":72,"column":44},"end":{"line":72,"column":69}},"line":72},"10":{"name":"(anonymous_10)","decl":{"start":{"line":88,"column":26},"end":{"line":88,"column":27}},"loc":{"start":{"line":89,"column":3},"end":{"line":91,"column":10}},"line":89}},"branchMap":{"0":{"loc":{"start":{"line":34,"column":1},"end":{"line":36,"column":2}},"type":"if","locations":[{"start":{"line":34,"column":1},"end":{"line":36,"column":2}},{"start":{},"end":{}}],"line":34},"1":{"loc":{"start":{"line":39,"column":11},"end":{"line":95,"column":3}},"type":"cond-expr","locations":[{"start":{"line":39,"column":36},"end":{"line":39,"column":46}},{"start":{"line":40,"column":4},"end":{"line":94,"column":10}}],"line":39},"2":{"loc":{"start":{"line":47,"column":5},"end":{"line":52,"column":6}},"type":"if","locations":[{"start":{"line":47,"column":5},"end":{"line":52,"column":6}},{"start":{},"end":{}}],"line":47},"3":{"loc":{"start":{"line":65,"column":38},"end":{"line":65,"column":129}},"type":"cond-expr","locations":[{"start":{"line":65,"column":53},"end":{"line":65,"column":113}},{"start":{"line":65,"column":116},"end":{"line":65,"column":129}}],"line":65},"4":{"loc":{"start":{"line":67,"column":4},"end":{"line":74,"column":5}},"type":"if","locations":[{"start":{"line":67,"column":4},"end":{"line":74,"column":5}},{"start":{"line":71,"column":8},"end":{"line":74,"column":5}}],"line":67},"5":{"loc":{"start":{"line":77,"column":14},"end":{"line":77,"column":36}},"type":"cond-expr","locations":[{"start":{"line":77,"column":29},"end":{"line":77,"column":32}},{"start":{"line":77,"column":34},"end":{"line":77,"column":36}}],"line":77},"6":{"loc":{"start":{"line":90,"column":5},"end":{"line":90,"column":132}},"type":"cond-expr","locations":[{"start":{"line":90,"column":45},"end":{"line":90,"column":90}},{"start":{"line":90,"column":93},"end":{"line":90,"column":132}}],"line":90}},"s":{"0":1,"1":7,"2":7,"3":7,"4":7,"5":7,"6":7,"7":2,"8":7,"9":2,"10":2,"11":2,"12":2,"13":2,"14":7,"15":7,"16":0,"17":7,"18":1,"19":0,"20":0,"21":0,"22":0,"23":1,"24":20,"25":1,"26":1,"27":0,"28":0,"29":1,"30":20,"31":1,"32":65},"f":{"0":7,"1":2,"2":2,"3":1,"4":0,"5":0,"6":1,"7":20,"8":1,"9":20,"10":65},"b":{"0":[0,7],"1":[2,5],"2":[0,0],"3":[1,4],"4":[0,1],"5":[1,4],"6":[6,59]},"_coverageSchema":"1a1c01bbd47fc00a2c39e90264f33305004495a9","hash":"41ef03a84092f1111f418816e27424d947ca891c"}
,"C:\\Users\\akash\\Desktop\\React\\NamasteReact\\LearningReact\\src\\components\\RestaurantCard.jsx": {"path":"C:\\Users\\akash\\Desktop\\React\\NamasteReact\\LearningReact\\src\\components\\RestaurantCard.jsx","statementMap":{"0":{"start":{"line":3,"column":23},"end":{"line":24,"column":1}},"1":{"start":{"line":12,"column":6},"end":{"line":12,"column":26}},"2":{"start":{"line":14,"column":2},"end":{"line":23,"column":4}},"3":{"start":{"line":29,"column":37},"end":{"line":38,"column":1}},"4":{"start":{"line":30,"column":2},"end":{"line":37,"column":3}},"5":{"start":{"line":31,"column":4},"end":{"line":36,"column":5}}},"fnMap":{"0":{"name":"(anonymous_0)","decl":{"start":{"line":3,"column":23},"end":{"line":3,"column":24}},"loc":{"start":{"line":3,"column":34},"end":{"line":24,"column":1}},"line":3},"1":{"name":"(anonymous_1)","decl":{"start":{"line":29,"column":37},"end":{"line":29,"column":38}},"loc":{"start":{"line":29,"column":57},"end":{"line":38,"column":1}},"line":29},"2":{"name":"(anonymous_2)","decl":{"start":{"line":30,"column":9},"end":{"line":30,"column":10}},"loc":{"start":{"line":30,"column":20},"end":{"line":37,"column":3}},"line":30}},"branchMap":{},"s":{"0":2,"1":67,"2":67,"3":2,"4":8,"5":7},"f":{"0":67,"1":8,"2":7},"b":{},"_coverageSchema":"1a1c01bbd47fc00a2c39e90264f33305004495a9","hash":"18e85bf892c4d896d88a9e40d2ac0a11cd1593db"}
}
