{"C:\\Users\\akash\\Desktop\\React\\NamasteReact\\LearningReact\\src\\components\\Contact.jsx": {"path":"C:\\Users\\akash\\Desktop\\React\\NamasteReact\\LearningReact\\src\\components\\Contact.jsx","statementMap":{"0":{"start":{"line":1,"column":16},"end":{"line":12,"column":1}},"1":{"start":{"line":2,"column":2},"end":{"line":11,"column":3}}},"fnMap":{"0":{"name":"(anonymous_0)","decl":{"start":{"line":1,"column":16},"end":{"line":1,"column":17}},"loc":{"start":{"line":1,"column":22},"end":{"line":12,"column":1}},"line":1}},"branchMap":{},"s":{"0":1,"1":4},"f":{"0":4},"b":{},"_coverageSchema":"1a1c01bbd47fc00a2c39e90264f33305004495a9","hash":"8b72e55a8ef38484a00021153c8dc750094a1406"}
,"C:\\Users\\akash\\Desktop\\React\\NamasteReact\\LearningReact\\src\\components\\Header.jsx": {"path":"C:\\Users\\akash\\Desktop\\React\\NamasteReact\\LearningReact\\src\\components\\Header.jsx","statementMap":{"0":{"start":{"line":8,"column":15},"end":{"line":39,"column":1}},"1":{"start":{"line":10,"column":30},"end":{"line":10,"column":47}},"2":{"start":{"line":11,"column":23},"end":{"line":11,"column":40}},"3":{"start":{"line":12,"column":25},"end":{"line":12,"column":48}},"4":{"start":{"line":15,"column":20},"end":{"line":15,"column":61}},"5":{"start":{"line":15,"column":43},"end":{"line":15,"column":60}},"6":{"start":{"line":16,"column":2},"end":{"line":38,"column":4}},"7":{"start":{"line":32,"column":12},"end":{"line":32,"column":81}}},"fnMap":{"0":{"name":"(anonymous_0)","decl":{"start":{"line":8,"column":15},"end":{"line":8,"column":16}},"loc":{"start":{"line":8,"column":21},"end":{"line":39,"column":1}},"line":8},"1":{"name":"(anonymous_1)","decl":{"start":{"line":15,"column":32},"end":{"line":15,"column":33}},"loc":{"start":{"line":15,"column":43},"end":{"line":15,"column":60}},"line":15},"2":{"name":"(anonymous_2)","decl":{"start":{"line":31,"column":115},"end":{"line":31,"column":116}},"loc":{"start":{"line":31,"column":119},"end":{"line":33,"column":11}},"line":31}},"branchMap":{"0":{"loc":{"start":{"line":24,"column":28},"end":{"line":24,"column":54}},"type":"cond-expr","locations":[{"start":{"line":24,"column":43},"end":{"line":24,"column":47}},{"start":{"line":24,"column":50},"end":{"line":24,"column":54}}],"line":24},"1":{"loc":{"start":{"line":31,"column":67},"end":{"line":31,"column":102}},"type":"cond-expr","locations":[{"start":{"line":31,"column":88},"end":{"line":31,"column":99}},{"start":{"line":31,"column":100},"end":{"line":31,"column":102}}],"line":31},"2":{"loc":{"start":{"line":32,"column":12},"end":{"line":32,"column":80}},"type":"cond-expr","locations":[{"start":{"line":32,"column":34},"end":{"line":32,"column":58}},{"start":{"line":32,"column":61},"end":{"line":32,"column":80}}],"line":32}},"s":{"0":1,"1":5,"2":5,"3":5,"4":5,"5":9,"6":5,"7":1},"f":{"0":5,"1":9,"2":1},"b":{"0":[5,0],"1":[1,4],"2":[1,0]},"_coverageSchema":"1a1c01bbd47fc00a2c39e90264f33305004495a9","hash":"8f00e53b968a36a1709c53c313934fbbd9a311df"}
,"C:\\Users\\akash\\Desktop\\React\\NamasteReact\\LearningReact\\src\\components\\RestaurantCard.jsx": {"path":"C:\\Users\\akash\\Desktop\\React\\NamasteReact\\LearningReact\\src\\components\\RestaurantCard.jsx","statementMap":{"0":{"start":{"line":3,"column":23},"end":{"line":24,"column":1}},"1":{"start":{"line":12,"column":6},"end":{"line":12,"column":26}},"2":{"start":{"line":14,"column":2},"end":{"line":23,"column":4}},"3":{"start":{"line":29,"column":37},"end":{"line":38,"column":1}},"4":{"start":{"line":30,"column":2},"end":{"line":37,"column":3}},"5":{"start":{"line":31,"column":4},"end":{"line":36,"column":5}}},"fnMap":{"0":{"name":"(anonymous_0)","decl":{"start":{"line":3,"column":23},"end":{"line":3,"column":24}},"loc":{"start":{"line":3,"column":34},"end":{"line":24,"column":1}},"line":3},"1":{"name":"(anonymous_1)","decl":{"start":{"line":29,"column":37},"end":{"line":29,"column":38}},"loc":{"start":{"line":29,"column":57},"end":{"line":38,"column":1}},"line":29},"2":{"name":"(anonymous_2)","decl":{"start":{"line":30,"column":9},"end":{"line":30,"column":10}},"loc":{"start":{"line":30,"column":20},"end":{"line":37,"column":3}},"line":30}},"branchMap":{},"s":{"0":1,"1":2,"2":2,"3":1,"4":1,"5":1},"f":{"0":2,"1":1,"2":1},"b":{},"_coverageSchema":"1a1c01bbd47fc00a2c39e90264f33305004495a9","hash":"18e85bf892c4d896d88a9e40d2ac0a11cd1593db"}
,"C:\\Users\\akash\\Desktop\\React\\NamasteReact\\LearningReact\\src\\components\\sum.js": {"path":"C:\\Users\\akash\\Desktop\\React\\NamasteReact\\LearningReact\\src\\components\\sum.js","statementMap":{"0":{"start":{"line":1,"column":19},"end":{"line":1,"column":31}},"1":{"start":{"line":1,"column":28},"end":{"line":1,"column":31}}},"fnMap":{"0":{"name":"(anonymous_0)","decl":{"start":{"line":1,"column":19},"end":{"line":1,"column":20}},"loc":{"start":{"line":1,"column":28},"end":{"line":1,"column":31}},"line":1}},"branchMap":{},"s":{"0":1,"1":1},"f":{"0":1},"b":{},"_coverageSchema":"1a1c01bbd47fc00a2c39e90264f33305004495a9","hash":"8d21311eaf405d00c7e1c2fd0894d7229df1d4b2"}
,"C:\\Users\\akash\\Desktop\\React\\NamasteReact\\LearningReact\\src\\utils\\UserContext.js": {"path":"C:\\Users\\akash\\Desktop\\React\\NamasteReact\\LearningReact\\src\\utils\\UserContext.js","statementMap":{"0":{"start":{"line":3,"column":20},"end":{"line":5,"column":2}}},"fnMap":{},"branchMap":{},"s":{"0":1},"f":{},"b":{},"_coverageSchema":"1a1c01bbd47fc00a2c39e90264f33305004495a9","hash":"f72f61213a67a54866df85fb2a9e42f431ff0533"}
,"C:\\Users\\akash\\Desktop\\React\\NamasteReact\\LearningReact\\src\\utils\\appStore.js": {"path":"C:\\Users\\akash\\Desktop\\React\\NamasteReact\\LearningReact\\src\\utils\\appStore.js","statementMap":{"0":{"start":{"line":4,"column":17},"end":{"line":8,"column":2}}},"fnMap":{},"branchMap":{},"s":{"0":1},"f":{},"b":{},"_coverageSchema":"1a1c01bbd47fc00a2c39e90264f33305004495a9","hash":"2346c9b67ceb6e239be6b49f1518a3711dda42e8"}
,"C:\\Users\\akash\\Desktop\\React\\NamasteReact\\LearningReact\\src\\utils\\cartSlice.js": {"path":"C:\\Users\\akash\\Desktop\\React\\NamasteReact\\LearningReact\\src\\utils\\cartSlice.js","statementMap":{"0":{"start":{"line":3,"column":18},"end":{"line":25,"column":2}},"1":{"start":{"line":15,"column":12},"end":{"line":15,"column":45}},"2":{"start":{"line":18,"column":12},"end":{"line":18,"column":30}},"3":{"start":{"line":21,"column":12},"end":{"line":21,"column":35}},"4":{"start":{"line":28,"column":48},"end":{"line":28,"column":65}}},"fnMap":{"0":{"name":"(anonymous_0)","decl":{"start":{"line":9,"column":17},"end":{"line":9,"column":18}},"loc":{"start":{"line":9,"column":34},"end":{"line":16,"column":9}},"line":9},"1":{"name":"(anonymous_1)","decl":{"start":{"line":17,"column":20},"end":{"line":17,"column":21}},"loc":{"start":{"line":17,"column":29},"end":{"line":19,"column":9}},"line":17},"2":{"name":"(anonymous_2)","decl":{"start":{"line":20,"column":19},"end":{"line":20,"column":20}},"loc":{"start":{"line":20,"column":28},"end":{"line":22,"column":9}},"line":20}},"branchMap":{},"s":{"0":1,"1":0,"2":0,"3":0,"4":1},"f":{"0":0,"1":0,"2":0},"b":{},"_coverageSchema":"1a1c01bbd47fc00a2c39e90264f33305004495a9","hash":"b799a92997414b876bc35e9e711ac50ca823fffc"}
,"C:\\Users\\akash\\Desktop\\React\\NamasteReact\\LearningReact\\src\\utils\\constants.js": {"path":"C:\\Users\\akash\\Desktop\\React\\NamasteReact\\LearningReact\\src\\utils\\constants.js","statementMap":{"0":{"start":{"line":1,"column":24},"end":{"line":1,"column":116}},"1":{"start":{"line":3,"column":28},"end":{"line":3,"column":111}},"2":{"start":{"line":5,"column":24},"end":{"line":5,"column":147}}},"fnMap":{},"branchMap":{},"s":{"0":2,"1":2,"2":2},"f":{},"b":{},"_coverageSchema":"1a1c01bbd47fc00a2c39e90264f33305004495a9","hash":"a7ae01b77dc75c669a6fb6e14e8ab5ea619c57a7"}
,"C:\\Users\\akash\\Desktop\\React\\NamasteReact\\LearningReact\\src\\utils\\useOnlineStatus.js": {"path":"C:\\Users\\akash\\Desktop\\React\\NamasteReact\\LearningReact\\src\\utils\\useOnlineStatus.js","statementMap":{"0":{"start":{"line":3,"column":24},"end":{"line":17,"column":1}},"1":{"start":{"line":5,"column":44},"end":{"line":5,"column":58}},"2":{"start":{"line":7,"column":4},"end":{"line":14,"column":10}},"3":{"start":{"line":8,"column":8},"end":{"line":10,"column":11}},"4":{"start":{"line":9,"column":12},"end":{"line":9,"column":35}},"5":{"start":{"line":11,"column":8},"end":{"line":13,"column":11}},"6":{"start":{"line":12,"column":12},"end":{"line":12,"column":34}},"7":{"start":{"line":16,"column":4},"end":{"line":16,"column":24}}},"fnMap":{"0":{"name":"(anonymous_0)","decl":{"start":{"line":3,"column":24},"end":{"line":3,"column":25}},"loc":{"start":{"line":3,"column":28},"end":{"line":17,"column":1}},"line":3},"1":{"name":"(anonymous_1)","decl":{"start":{"line":7,"column":14},"end":{"line":7,"column":15}},"loc":{"start":{"line":7,"column":18},"end":{"line":14,"column":5}},"line":7},"2":{"name":"(anonymous_2)","decl":{"start":{"line":8,"column":43},"end":{"line":8,"column":44}},"loc":{"start":{"line":8,"column":47},"end":{"line":10,"column":9}},"line":8},"3":{"name":"(anonymous_3)","decl":{"start":{"line":11,"column":42},"end":{"line":11,"column":43}},"loc":{"start":{"line":11,"column":46},"end":{"line":13,"column":9}},"line":11}},"branchMap":{},"s":{"0":1,"1":5,"2":5,"3":4,"4":0,"5":4,"6":0,"7":5},"f":{"0":5,"1":4,"2":0,"3":0},"b":{},"_coverageSchema":"1a1c01bbd47fc00a2c39e90264f33305004495a9","hash":"0e26e9d8d445e265b44035aa453a19bf12f19ddd"}
}
