TN:
SF:src\components\Body.jsx
FN:8,(anonymous_0)
FN:17,(anonymous_1)
FN:19,(anonymous_2)
FN:43,(anonymous_3)
FN:46,(anonymous_4)
FN:48,(anonymous_5)
FN:54,(anonymous_6)
FN:55,(anonymous_7)
FN:66,(anonymous_8)
FN:72,(anonymous_9)
FN:88,(anonymous_10)
FNF:11
FNH:9
FNDA:7,(anonymous_0)
FNDA:2,(anonymous_1)
FNDA:2,(anonymous_2)
FNDA:1,(anonymous_3)
FNDA:0,(anonymous_4)
FNDA:0,(anonymous_5)
FNDA:1,(anonymous_6)
FNDA:20,(anonymous_7)
FNDA:1,(anonymous_8)
FNDA:20,(anonymous_9)
FNDA:65,(anonymous_10)
DA:8,1
DA:10,7
DA:11,7
DA:12,7
DA:13,7
DA:15,7
DA:17,7
DA:19,7
DA:20,2
DA:21,2
DA:22,2
DA:23,2
DA:24,2
DA:32,7
DA:34,7
DA:35,0
DA:39,7
DA:44,1
DA:47,0
DA:48,0
DA:49,0
DA:51,0
DA:55,1
DA:56,20
DA:58,1
DA:67,1
DA:68,0
DA:69,0
DA:72,20
DA:73,1
DA:89,65
LF:31
LH:24
BRDA:34,0,0,0
BRDA:34,0,1,7
BRDA:39,1,0,2
BRDA:39,1,1,5
BRDA:47,2,0,0
BRDA:47,2,1,0
BRDA:65,3,0,1
BRDA:65,3,1,4
BRDA:67,4,0,0
BRDA:67,4,1,1
BRDA:77,5,0,1
BRDA:77,5,1,4
BRDA:90,6,0,6
BRDA:90,6,1,59
BRF:14
BRH:10
end_of_record
TN:
SF:src\components\RestaurantCard.jsx
FN:3,(anonymous_0)
FN:29,(anonymous_1)
FN:30,(anonymous_2)
FNF:3
FNH:3
FNDA:67,(anonymous_0)
FNDA:8,(anonymous_1)
FNDA:7,(anonymous_2)
DA:3,2
DA:12,67
DA:14,67
DA:29,2
DA:30,8
DA:31,7
LF:6
LH:6
BRF:0
BRH:0
end_of_record
