TN:
SF:src\components\CategoryItemCard.jsx
FN:6,(anonymous_0)
FN:12,(anonymous_1)
FN:27,(anonymous_2)
FNF:3
FNH:3
FNDA:19,(anonymous_0)
FNDA:2,(anonymous_1)
FNDA:2,(anonymous_2)
DA:6,1
DA:8,19
DA:10,19
DA:12,19
DA:14,2
DA:17,19
DA:27,2
LF:7
LH:7
BRDA:20,0,0,7
BRDA:20,0,1,12
BRDA:22,1,0,19
BRDA:22,1,1,0
BRF:4
BRH:3
end_of_record
TN:
SF:src\components\Contact.jsx
FN:1,(anonymous_0)
FNF:1
FNH:1
FNDA:4,(anonymous_0)
DA:1,1
DA:2,4
LF:2
LH:2
BRF:0
BRH:0
end_of_record
TN:
SF:src\components\Header.jsx
FN:8,(anonymous_0)
FN:15,(anonymous_1)
FN:31,(anonymous_2)
FNF:3
FNH:2
FNDA:3,(anonymous_0)
FNDA:6,(anonymous_1)
FNDA:0,(anonymous_2)
DA:8,1
DA:10,3
DA:11,3
DA:12,3
DA:15,6
DA:16,3
DA:32,0
LF:7
LH:6
BRDA:24,0,0,3
BRDA:24,0,1,0
BRDA:31,1,0,0
BRDA:31,1,1,3
BRDA:32,2,0,0
BRDA:32,2,1,0
BRF:6
BRH:2
end_of_record
TN:
SF:src\components\RestaurantMenu.jsx
FN:7,(anonymous_0)
FN:19,(anonymous_1)
FN:20,(anonymous_2)
FN:23,(anonymous_3)
FN:48,(anonymous_4)
FN:52,(anonymous_5)
FNF:6
FNH:2
FNDA:2,(anonymous_0)
FNDA:0,(anonymous_1)
FNDA:0,(anonymous_2)
FNDA:0,(anonymous_3)
FNDA:11,(anonymous_4)
FNDA:0,(anonymous_5)
DA:7,1
DA:9,2
DA:11,2
DA:13,2
DA:15,2
DA:17,1
DA:19,1
DA:20,0
DA:21,0
DA:22,0
DA:23,0
DA:24,0
DA:33,1
DA:48,11
DA:52,0
LF:15
LH:9
BRDA:15,0,0,1
BRDA:15,0,1,1
BRDA:20,1,0,0
BRDA:20,1,1,0
BRDA:22,2,0,0
BRDA:22,2,1,0
BRDA:51,3,0,1
BRDA:51,3,1,10
BRF:8
BRH:4
end_of_record
TN:
SF:src\utils\appStore.js
FNF:0
FNH:0
DA:4,1
LF:1
LH:1
BRF:0
BRH:0
end_of_record
